<?xml version="1.0" encoding="UTF-8"?>
<!-- Generated by org.testng.reporters.JUnitXMLReporter -->
<testsuite ignored="0" hostname="LAPTOP-J0B5PN3J" failures="0" tests="3" name="Default test" time="1.365" errors="0" timestamp="2024-03-10T01:25:03 IST">
  <testcase classname="dataDriven.excelIntegration.dataProvide" name="testCaseData" time="0.012"/>
  <testcase classname="dataDriven.excelIntegration.dataProvide" name="testCaseData" time="0.002"/>
  <testcase classname="dataDriven.excelIntegration.dataProvide" name="testCaseData" time="0.001"/>
</testsuite> <!-- Default test -->
