<?xml version="1.0" encoding="UTF-8"?>
<testng-results ignored="0" total="1" passed="1" failed="0" skipped="0">
  <reporter-output>
  </reporter-output>
  <suite started-at="2024-03-10T01:34:18 IST" name="Default suite" finished-at="2024-03-10T01:34:18 IST" duration-ms="85">
    <groups>
    </groups>
    <test started-at="2024-03-10T01:34:18 IST" name="Default test" finished-at="2024-03-10T01:34:18 IST" duration-ms="85">
      <class name="test1">
        <test-method signature="regular()[pri:0, instance:test1@29e495ff]" started-at="2024-03-10T01:34:18 IST" name="regular" finished-at="2024-03-10T01:34:18 IST" duration-ms="17" status="PASS">
          <reporter-output>
          </reporter-output>
        </test-method> <!-- regular -->
      </class> <!-- test1 -->
    </test> <!-- Default test -->
  </suite> <!-- Default suite -->
</testng-results>
