<?xml version="1.0" encoding="UTF-8"?>
<!-- Generated by org.testng.reporters.JUnitXMLReporter -->
<testsuite ignored="0" hostname="LAPTOP-J0B5PN3J" failures="0" tests="4" name="Default test" time="4.005" errors="0" timestamp="2023-05-28T14:57:08 IST">
  <testcase classname="day1.HTTPRequests" name="getUsers" time="2.366"/>
  <testcase classname="day1.HTTPRequests" name="createUser" time="0.714"/>
  <testcase classname="day1.HTTPRequests" name="updateUser" time="0.422"/>
  <testcase classname="day1.HTTPRequests" name="deleteUser" time="0.455"/>
</testsuite> <!-- Default test -->
