<?xml version="1.0" encoding="UTF-8"?>
<testng-results ignored="0" total="3" passed="3" failed="0" skipped="0">
  <reporter-output>
  </reporter-output>
  <suite started-at="2024-02-22T01:25:38 IST" name="Suite" finished-at="2024-02-22T01:27:17 IST" duration-ms="98855">
    <groups>
    </groups>
    <test started-at="2024-02-22T01:25:38 IST" name="Test" finished-at="2024-02-22T01:27:17 IST" duration-ms="98855">
      <class name="remoteTesting.dockerValidation.chromeTest1">
        <test-method is-config="true" signature="startDockerScale()[pri:0, instance:remoteTesting.dockerValidation.chromeTest1@48f278eb]" started-at="2024-02-22T01:25:38 IST" name="startDockerScale" finished-at="2024-02-22T01:26:18 IST" duration-ms="40073" status="PASS">
          <reporter-output>
          </reporter-output>
        </test-method> <!-- startDockerScale -->
        <test-method signature="test1()[pri:0, instance:remoteTesting.dockerValidation.chromeTest1@48f278eb]" started-at="2024-02-22T01:26:19 IST" name="test1" finished-at="2024-02-22T01:26:51 IST" duration-ms="32199" status="PASS">
          <reporter-output>
          </reporter-output>
        </test-method> <!-- test1 -->
        <test-method is-config="true" signature="stopDocker()[pri:0, instance:remoteTesting.dockerValidation.chromeTest1@48f278eb]" started-at="2024-02-22T01:26:57 IST" name="stopDocker" finished-at="2024-02-22T01:27:17 IST" duration-ms="19789" status="PASS">
          <reporter-output>
          </reporter-output>
        </test-method> <!-- stopDocker -->
      </class> <!-- remoteTesting.dockerValidation.chromeTest1 -->
      <class name="remoteTesting.dockerValidation.chromeTest2">
        <test-method signature="test2()[pri:0, instance:remoteTesting.dockerValidation.chromeTest2@2f217633]" started-at="2024-02-22T01:26:19 IST" name="test2" finished-at="2024-02-22T01:26:50 IST" duration-ms="31800" status="PASS">
          <reporter-output>
          </reporter-output>
        </test-method> <!-- test2 -->
      </class> <!-- remoteTesting.dockerValidation.chromeTest2 -->
      <class name="remoteTesting.dockerValidation.chromeTest3">
        <test-method signature="test3()[pri:0, instance:remoteTesting.dockerValidation.chromeTest3@101952da]" started-at="2024-02-22T01:26:19 IST" name="test3" finished-at="2024-02-22T01:26:57 IST" duration-ms="38749" status="PASS">
          <reporter-output>
          </reporter-output>
        </test-method> <!-- test3 -->
      </class> <!-- remoteTesting.dockerValidation.chromeTest3 -->
    </test> <!-- Test -->
  </suite> <!-- Suite -->
</testng-results>
