<?xml version="1.0" encoding="UTF-8"?>
<testng-results ignored="0" total="1" passed="1" failed="0" skipped="0">
  <reporter-output>
  </reporter-output>
  <suite started-at="2023-08-20T00:35:25 IST" name="Data Driven Basics" finished-at="2023-08-20T00:35:28 IST" duration-ms="3230">
    <groups>
    </groups>
    <test started-at="2023-08-20T00:35:25 IST" name="Login Test" finished-at="2023-08-20T00:35:28 IST" duration-ms="3230">
      <class name="com.w2a.testcases.LoginTest">
        <test-method is-config="true" signature="setUp()[pri:0, instance:com.w2a.testcases.LoginTest@68c9133c]" started-at="2023-08-20T00:35:21 IST" name="setUp" finished-at="2023-08-20T00:35:25 IST" duration-ms="4471" status="PASS">
          <reporter-output>
          </reporter-output>
        </test-method> <!-- setUp -->
        <test-method signature="loginAsBankManager()[pri:0, instance:com.w2a.testcases.LoginTest@68c9133c]" started-at="2023-08-20T00:35:25 IST" name="loginAsBankManager" finished-at="2023-08-20T00:35:28 IST" duration-ms="3167" status="PASS">
          <reporter-output>
          </reporter-output>
        </test-method> <!-- loginAsBankManager -->
        <test-method is-config="true" signature="tearDown()[pri:0, instance:com.w2a.testcases.LoginTest@68c9133c]" started-at="2023-08-20T00:35:28 IST" name="tearDown" finished-at="2023-08-20T00:35:29 IST" duration-ms="251" status="PASS">
          <reporter-output>
          </reporter-output>
        </test-method> <!-- tearDown -->
      </class> <!-- com.w2a.testcases.LoginTest -->
    </test> <!-- Login Test -->
  </suite> <!-- Data Driven Basics -->
</testng-results>
