<?xml version="1.0" encoding="UTF-8"?>
<!-- Generated by org.testng.reporters.JUnitXMLReporter -->
<testsuite ignored="0" hostname="LAPTOP-J0B5PN3J" failures="0" tests="3" name="Test" time="98.855" errors="0" timestamp="2024-02-22T01:27:17 IST">
  <testcase classname="remoteTesting.dockerValidation.chromeTest2" name="test2" time="31.8"/>
  <testcase classname="remoteTesting.dockerValidation.chromeTest1" name="test1" time="32.199"/>
  <testcase classname="remoteTesting.dockerValidation.chromeTest3" name="test3" time="38.749"/>
</testsuite> <!-- Test -->
